This is pdfTeXk, Version 3.141592-1.40.3 (Web2C 7.5.6) (format=pdflatex 2014.8.20)  16 SEP 2014 01:45
entering extended mode
 %&-line parsing enabled.
**hw1.tex
(./hw1.tex
LaTeX2e <2005/12/01>
Babel <v3.8h> and hyphenation patterns for english, usenglishmax, dumylang, noh
yphenation, arabic, basque, bulgarian, coptic, welsh, czech, slovak, german, ng
erman, danish, esperanto, spanish, catalan, galician, estonian, farsi, finnish,
 french, greek, monogreek, ancientgreek, croatian, hungarian, interlingua, ibyc
us, indonesian, icelandic, italian, latin, mongolian, dutch, norsk, polish, por
tuguese, pinyin, romanian, russian, slovenian, uppersorbian, serbian, swedish, 
turkish, ukenglish, ukrainian, loaded.
(../cs446.tex (/usr/share/texmf/tex/latex/base/article.cls
Document Class: article 2005/09/16 v1.4f Standard LaTeX document class
(/usr/share/texmf/tex/latex/base/size12.clo
File: size12.clo 2005/09/16 v1.4f Standard LaTeX file (size option)
)
\c@part=\count79
\c@section=\count80
\c@subsection=\count81
\c@subsubsection=\count82
\c@paragraph=\count83
\c@subparagraph=\count84
\c@figure=\count85
\c@table=\count86
\abovecaptionskip=\skip41
\belowcaptionskip=\skip42
\bibindent=\dimen102
)
\c@theorem=\count87
\c@corollary=\count88
\c@lemma=\count89
\c@claim=\count90
\c@fact=\count91
\c@definition=\count92
\c@assumption=\count93
\c@observation=\count94
\c@example=\count95
) (./hw1.aux)
\openout1 = `hw1.aux'.

LaTeX Font Info:    Checking defaults for OML/cmm/m/it on input line 9.
LaTeX Font Info:    ... okay on input line 9.
LaTeX Font Info:    Checking defaults for T1/cmr/m/n on input line 9.
LaTeX Font Info:    ... okay on input line 9.
LaTeX Font Info:    Checking defaults for OT1/cmr/m/n on input line 9.
LaTeX Font Info:    ... okay on input line 9.
LaTeX Font Info:    Checking defaults for OMS/cmsy/m/n on input line 9.
LaTeX Font Info:    ... okay on input line 9.
LaTeX Font Info:    Checking defaults for OMX/cmex/m/n on input line 9.
LaTeX Font Info:    ... okay on input line 9.
LaTeX Font Info:    Checking defaults for U/cmr/m/n on input line 9.
LaTeX Font Info:    ... okay on input line 9.

Underfull \hbox (badness 10000) detected at line 11
 []
 []

LaTeX Font Info:    External font `cmex10' loaded for size
(Font)              <12> on input line 21.
LaTeX Font Info:    External font `cmex10' loaded for size
(Font)              <8> on input line 21.
LaTeX Font Info:    External font `cmex10' loaded for size
(Font)              <6> on input line 21.

Overfull \hbox (54.33463pt too wide) in paragraph at lines 22--34
 [] 
 []


Underfull \hbox (badness 10000) in paragraph at lines 37--40

 []


Underfull \hbox (badness 10000) in paragraph at lines 37--40

 []

[1

{/var/lib/texmf/fonts/map/pdftex/updmap/pdftex.map}]
Underfull \hbox (badness 10000) in paragraph at lines 58--60

 []

[2]
Underfull \hbox (badness 10000) in paragraph at lines 86--92

 []

[3]
Overfull \hbox (45.23462pt too wide) in paragraph at lines 94--96
[]\OT1/cmr/m/n/12 [FINISH ME IN-CLUDE hw1sample2d.txt DATASET PIC-TURE] For hw1
conjunctions.txt,
 []


Overfull \hbox (8.33092pt too wide) detected at line 105
\OML/cmm/m/it/12 w \OT1/cmr/m/n/12 = [2\OML/cmm/m/it/12 :\OT1/cmr/m/n/12 910\OM
L/cmm/m/it/12 ; \OMS/cmsy/m/n/12 ^^@\OT1/cmr/m/n/12 2\OML/cmm/m/it/12 :\OT1/cmr
/m/n/12 049\OML/cmm/m/it/12 ; \OT1/cmr/m/n/12 0\OML/cmm/m/it/12 :\OT1/cmr/m/n/1
2 177\OML/cmm/m/it/12 ; \OT1/cmr/m/n/12 190\OML/cmm/m/it/12 :\OT1/cmr/m/n/12 51
9\OML/cmm/m/it/12 ; \OT1/cmr/m/n/12 0\OML/cmm/m/it/12 :\OT1/cmr/m/n/12 139\OML/
cmm/m/it/12 ; []  \OMS/cmsy/m/n/12 ^^@ \OT1/cmr/m/n/12 3\OML/cmm/m/it/12 :\OT1/
cmr/m/n/12 101\OML/cmm/m/it/12 ; \OMS/cmsy/m/n/12 ^^@\OT1/cmr/m/n/12 2\OML/cmm/
m/it/12 :\OT1/cmr/m/n/12 953\OML/cmm/m/it/12 ; \OMS/cmsy/m/n/12 ^^@\OT1/cmr/m/n
/12 193\OML/cmm/m/it/12 :\OT1/cmr/m/n/12 277\OML/cmm/m/it/12 ; \OT1/cmr/m/n/12 
1\OML/cmm/m/it/12 :\OT1/cmr/m/n/12 167\OML/cmm/m/it/12 ; \OMS/cmsy/m/n/12 ^^@\O
T1/cmr/m/n/12 8\OML/cmm/m/it/12 :\OT1/cmr/m/n/12 894][]
 []


Overfull \hbox (11.5446pt too wide) in paragraph at lines 140--140
 []\OT1/cmtt/m/n/12 A = vertcat( horzcat(data,ones(m,1)) , zeros(1,n+2) ); A(m+
1 ,n+2)=1;[] 
 []

[4] [5] [6] (./hw1.aux) ) 
Here is how much of TeX's memory you used:
 299 strings out of 256216
 3013 string characters out of 1917072
 53804 words of memory out of 1500000
 3654 multiletter control sequences out of 10000+200000
 7849 words of font info for 28 fonts, out of 1200000 for 2000
 645 hyphenation exceptions out of 8191
 24i,10n,19p,1258b,435s stack positions out of 5000i,500n,6000p,200000b,15000s
</usr/share/texmf/fonts/type1/bluesky/cm/cmbx12.pfb></
usr/share/texmf/fonts/type1/bluesky/cm/cmmi12.pfb></usr/share/texmf/fonts/type1
/bluesky/cm/cmmi8.pfb></usr/share/texmf/fonts/type1/bluesky/cm/cmr12.pfb></usr/
share/texmf/fonts/type1/bluesky/cm/cmr8.pfb></usr/share/texmf/fonts/type1/blues
ky/cm/cmsl12.pfb></usr/share/texmf/fonts/type1/bluesky/cm/cmsy10.pfb></usr/shar
e/texmf/fonts/type1/bluesky/cm/cmsy8.pfb></usr/share/texmf/fonts/type1/bluesky/
cm/cmti12.pfb></usr/share/texmf/fonts/type1/bluesky/cm/cmtt12.pfb>
Output written on hw1.pdf (6 pages, 73050 bytes).
PDF statistics:
 61 PDF objects out of 1000 (max. 8388607)
 0 named destinations out of 1000 (max. 131072)
 1 words of extra memory for PDF output out of 10000 (max. 10000000)

