This is pdfTeX, Version 3.14159265-2.6-1.40.15 (TeX Live 2014) (preloaded format=pdflatex 2014.5.25)  4 DEC 2014 05:54
entering extended mode
 restricted \write18 enabled.
 %&-line parsing enabled.
**\input nunni2-hw7.tex
(./nunni2-hw7.tex (../cs446.tex
(/usr/local/texlive/2014/texmf-dist/tex/latex/base/article.cls
Document Class: article 2007/10/19 v1.4h Standard LaTeX document class
(/usr/local/texlive/2014/texmf-dist/tex/latex/base/size12.clo
File: size12.clo 2007/10/19 v1.4h Standard LaTeX file (size option)
)
\c@part=\count79
\c@section=\count80
\c@subsection=\count81
\c@subsubsection=\count82
\c@paragraph=\count83
\c@subparagraph=\count84
\c@figure=\count85
\c@table=\count86
\abovecaptionskip=\skip41
\belowcaptionskip=\skip42
\bibindent=\dimen102
)
\c@theorem=\count87
\c@corollary=\count88
\c@lemma=\count89
\c@claim=\count90
\c@fact=\count91
\c@definition=\count92
\c@assumption=\count93
\c@observation=\count94
\c@example=\count95
)
(./nunni2-hw7.aux)
\openout1 = `nunni2-hw7.aux'.

LaTeX Font Info:    Checking defaults for OML/cmm/m/it on input line 9.
LaTeX Font Info:    ... okay on input line 9.
LaTeX Font Info:    Checking defaults for T1/cmr/m/n on input line 9.
LaTeX Font Info:    ... okay on input line 9.
LaTeX Font Info:    Checking defaults for OT1/cmr/m/n on input line 9.
LaTeX Font Info:    ... okay on input line 9.
LaTeX Font Info:    Checking defaults for OMS/cmsy/m/n on input line 9.
LaTeX Font Info:    ... okay on input line 9.
LaTeX Font Info:    Checking defaults for OMX/cmex/m/n on input line 9.
LaTeX Font Info:    ... okay on input line 9.
LaTeX Font Info:    Checking defaults for U/cmr/m/n on input line 9.
LaTeX Font Info:    ... okay on input line 9.

Underfull \hbox (badness 10000) detected at line 11
 []
 []

LaTeX Font Info:    External font `cmex10' loaded for size
(Font)              <12> on input line 19.
LaTeX Font Info:    External font `cmex10' loaded for size
(Font)              <8> on input line 19.
LaTeX Font Info:    External font `cmex10' loaded for size
(Font)              <6> on input line 19.

Overfull \hbox (22.82855pt too wide) detected at line 32
\OT1/cmr/m/n/12 = [] [] \OML/cmm/m/it/12 n\OT1/cmr/m/n/12 (\OML/cmm/m/it/12 d[]
; w[]\OT1/cmr/m/n/12 )[\OML/cmm/m/it/12 P\OT1/cmr/m/n/12 (\OML/cmm/m/it/12 c[]\
OMS/cmsy/m/n/12 j\OML/cmm/m/it/12 w[]; d[]\OT1/cmr/m/n/12 )\OML/cmm/m/it/12 log
\OT1/cmr/m/n/12 [\OML/cmm/m/it/12 P\OT1/cmr/m/n/12 (\OML/cmm/m/it/12 w[]\OMS/cm
sy/m/n/12 j\OML/cmm/m/it/12 c[]\OT1/cmr/m/n/12 )\OML/cmm/m/it/12 P\OT1/cmr/m/n/
12 (\OML/cmm/m/it/12 c[]\OMS/cmsy/m/n/12 j\OML/cmm/m/it/12 d[]\OT1/cmr/m/n/12 )
] + \OML/cmm/m/it/12 P\OT1/cmr/m/n/12 (\OML/cmm/m/it/12 c[]\OMS/cmsy/m/n/12 j\O
ML/cmm/m/it/12 w[]; d[]\OT1/cmr/m/n/12 )\OML/cmm/m/it/12 log\OT1/cmr/m/n/12 [\O
ML/cmm/m/it/12 P\OT1/cmr/m/n/12 (\OML/cmm/m/it/12 w[]\OMS/cmsy/m/n/12 j\OML/cmm
/m/it/12 c[]\OT1/cmr/m/n/12 )\OML/cmm/m/it/12 P\OT1/cmr/m/n/12 (\OML/cmm/m/it/1
2 c[]\OMS/cmsy/m/n/12 j\OML/cmm/m/it/12 d[]\OT1/cmr/m/n/12 )]]
 []


Overfull \hbox (75.08287pt too wide) detected at line 35
\OML/cmm/m/it/12 f \OT1/cmr/m/n/12 : \OML/cmm/m/it/12 E\OT1/cmr/m/n/12 [\OML/cm
m/m/it/12 LL\OT1/cmr/m/n/12 ] = [] [] \OML/cmm/m/it/12 n\OT1/cmr/m/n/12 (\OML/c
mm/m/it/12 d[]; w[]\OT1/cmr/m/n/12 )[\OML/cmm/m/it/12 P\OT1/cmr/m/n/12 (\OML/cm
m/m/it/12 c[]\OMS/cmsy/m/n/12 j\OML/cmm/m/it/12 w[]; d[]\OT1/cmr/m/n/12 )\OML/c
mm/m/it/12 log\OT1/cmr/m/n/12 [\OML/cmm/m/it/12 P\OT1/cmr/m/n/12 (\OML/cmm/m/it
/12 w[]\OMS/cmsy/m/n/12 j\OML/cmm/m/it/12 c[]\OT1/cmr/m/n/12 )\OML/cmm/m/it/12 
P\OT1/cmr/m/n/12 (\OML/cmm/m/it/12 c[]\OMS/cmsy/m/n/12 j\OML/cmm/m/it/12 d[]\OT
1/cmr/m/n/12 )] + \OML/cmm/m/it/12 P\OT1/cmr/m/n/12 (\OML/cmm/m/it/12 c[]\OMS/c
msy/m/n/12 j\OML/cmm/m/it/12 w[]; d[]\OT1/cmr/m/n/12 )\OML/cmm/m/it/12 log\OT1/
cmr/m/n/12 [\OML/cmm/m/it/12 P\OT1/cmr/m/n/12 (\OML/cmm/m/it/12 w[]\OMS/cmsy/m/
n/12 j\OML/cmm/m/it/12 c[]\OT1/cmr/m/n/12 )\OML/cmm/m/it/12 P\OT1/cmr/m/n/12 (\
OML/cmm/m/it/12 c[]\OMS/cmsy/m/n/12 j\OML/cmm/m/it/12 d[]\OT1/cmr/m/n/12 )]]
 []

[1

{/usr/local/texlive/2014/texmf-var/fonts/map/pdftex/updmap/pdftex.map}]
Underfull \hbox (badness 10000) in paragraph at lines 45--48

 []


Underfull \hbox (badness 10000) in paragraph at lines 45--48

 []


Overfull \hbox (365.1281pt too wide) in paragraph at lines 48--57
 [] 
 []


Overfull \hbox (29.99867pt too wide) in paragraph at lines 62--64
\OT1/cmr/m/n/12 For all choices of root nodes, $\OML/cmm/m/it/12 x[]$\OT1/cmr/m
/n/12 , in the graph, all $\OML/cmm/m/it/12 P\OT1/cmr/m/n/12 (\OML/cmm/m/it/12 
x[]\OT1/cmr/m/n/12 ) [][] \OML/cmm/m/it/12 P\OT1/cmr/m/n/12 (\OML/cmm/m/it/12 x
[]\OT1/cmr/m/n/12 )\OML/cmm/m/it/12 P\OT1/cmr/m/n/12 (\OML/cmm/m/it/12 x[]\OMS/
cmsy/m/n/12 j\OML/cmm/m/it/12 parent\OT1/cmr/m/n/12 (\OML/cmm/m/it/12 x[]\OT1/c
mr/m/n/12 ))$
 []


Overfull \hbox (6.98412pt too wide) in paragraph at lines 65--66
[]\OT1/cmr/m/n/12 Because the Chow-Liu Al-go-rithm uses the func-tion $\OML/cmm
/m/it/12 I\OT1/cmr/m/n/12 (\OML/cmm/m/it/12 x; y\OT1/cmr/m/n/12 ) = [][] \OML/c
mm/m/it/12 P\OT1/cmr/m/n/12 (\OML/cmm/m/it/12 x; y\OT1/cmr/m/n/12 )\OML/cmm/m/i
t/12 log[]$
 []

[2] (./nunni2-hw7.aux) ) 
Here is how much of TeX's memory you used:
 294 strings out of 493117
 3101 string characters out of 6135433
 58909 words of memory out of 5000000
 3828 multiletter control sequences out of 15000+600000
 7680 words of font info for 27 fonts, out of 8000000 for 9000
 1141 hyphenation exceptions out of 8191
 24i,9n,19p,489b,417s stack positions out of 5000i,500n,10000p,200000b,80000s
</usr/local/texlive/2014/texmf-dist/fonts/type1/public/
amsfonts/cm/cmbx12.pfb></usr/local/texlive/2014/texmf-dist/fonts/type1/public/a
msfonts/cm/cmex10.pfb></usr/local/texlive/2014/texmf-dist/fonts/type1/public/am
sfonts/cm/cmmi12.pfb></usr/local/texlive/2014/texmf-dist/fonts/type1/public/ams
fonts/cm/cmmi6.pfb></usr/local/texlive/2014/texmf-dist/fonts/type1/public/amsfo
nts/cm/cmmi8.pfb></usr/local/texlive/2014/texmf-dist/fonts/type1/public/amsfont
s/cm/cmr12.pfb></usr/local/texlive/2014/texmf-dist/fonts/type1/public/amsfonts/
cm/cmr6.pfb></usr/local/texlive/2014/texmf-dist/fonts/type1/public/amsfonts/cm/
cmr8.pfb></usr/local/texlive/2014/texmf-dist/fonts/type1/public/amsfonts/cm/cms
l12.pfb></usr/local/texlive/2014/texmf-dist/fonts/type1/public/amsfonts/cm/cmsy
10.pfb></usr/local/texlive/2014/texmf-dist/fonts/type1/public/amsfonts/cm/cmsy8
.pfb></usr/local/texlive/2014/texmf-dist/fonts/type1/public/amsfonts/cm/cmti12.
pfb>
Output written on nunni2-hw7.pdf (2 pages, 122563 bytes).
PDF statistics:
 59 PDF objects out of 1000 (max. 8388607)
 42 compressed objects within 1 object stream
 0 named destinations out of 1000 (max. 500000)
 1 words of extra memory for PDF output out of 10000 (max. 10000000)

